2019-02-15 20:55:26 Error: [PDOException] SQLSTATE[HY000] [1045] Access denied for user 'my_app'@'localhost' (using password: YES) in D:\xampp\htdocs\tollfreenew\vendor\cakephp\cakephp\src\Database\Driver.php on line 92
Stack Trace:
#0 D:\xampp\htdocs\tollfreenew\vendor\cakephp\cakephp\src\Database\Driver.php(92): PDO->__construct('mysql:host=loca...', 'my_app', 'secret', Array)
#1 D:\xampp\htdocs\tollfreenew\vendor\cakephp\cakephp\src\Database\Driver\Mysql.php(106): Cake\Database\Driver->_connect('mysql:host=loca...', Array)
#2 D:\xampp\htdocs\tollfreenew\vendor\cakephp\cakephp\src\Database\Schema\BaseSchema.php(45): Cake\Database\Driver\Mysql->connect()
#3 D:\xampp\htdocs\tollfreenew\vendor\cakephp\cakephp\src\Database\Dialect\MysqlDialectTrait.php(63): Cake\Database\Schema\BaseSchema->__construct(Object(Cake\Database\Driver\Mysql))
#4 D:\xampp\htdocs\tollfreenew\vendor\cakephp\cakephp\src\Database\Schema\Collection.php(52): Cake\Database\Driver\Mysql->schemaDialect()
#5 D:\xampp\htdocs\tollfreenew\vendor\cakephp\cakephp\src\Database\Schema\CachedCollection.php(42): Cake\Database\Schema\Collection->__construct(Object(Cake\Database\Connection))
#6 D:\xampp\htdocs\tollfreenew\vendor\cakephp\cakephp\src\Database\Connection.php(391): Cake\Database\Schema\CachedCollection->__construct(Object(Cake\Database\Connection), true)
#7 D:\xampp\htdocs\tollfreenew\vendor\cakephp\bake\src\Shell\Task\ModelTask.php(1092): Cake\Database\Connection->getSchemaCollection()
#8 D:\xampp\htdocs\tollfreenew\vendor\cakephp\bake\src\Shell\Task\ModelTask.php(1046): Bake\Shell\Task\ModelTask->_getAllTables()
#9 D:\xampp\htdocs\tollfreenew\vendor\cakephp\bake\src\Shell\Task\ModelTask.php(1061): Bake\Shell\Task\ModelTask->listAll()
#10 D:\xampp\htdocs\tollfreenew\vendor\cakephp\bake\src\Shell\BakeShell.php(258): Bake\Shell\Task\ModelTask->listUnskipped()
#11 D:\xampp\htdocs\tollfreenew\vendor\cakephp\cakephp\src\Console\Shell.php(518): Bake\Shell\BakeShell->all()
#12 D:\xampp\htdocs\tollfreenew\vendor\cakephp\cakephp\src\Console\CommandRunner.php(371): Cake\Console\Shell->runCommand(Array, true)
#13 D:\xampp\htdocs\tollfreenew\vendor\cakephp\cakephp\src\Console\CommandRunner.php(166): Cake\Console\CommandRunner->runShell(Object(Bake\Shell\BakeShell), Array)
#14 D:\xampp\htdocs\tollfreenew\bin\cake.php(12): Cake\Console\CommandRunner->run(Array)
#15 {main}


2019-02-16 00:25:06 Error: [RuntimeException] Unknown command `cake all`. Run `cake --help` to get the list of valid commands. in D:\xampp\htdocs\tollfreenew\vendor\cakephp\cakephp\src\Console\CommandRunner.php on line 350
Stack Trace:
#0 D:\xampp\htdocs\tollfreenew\vendor\cakephp\cakephp\src\Console\CommandRunner.php(161): Cake\Console\CommandRunner->resolveName(Object(Cake\Console\CommandCollection), Object(Cake\Console\ConsoleIo), 'all')
#1 D:\xampp\htdocs\tollfreenew\bin\cake.php(12): Cake\Console\CommandRunner->run(Array)
#2 {main}


2019-02-16 00:25:14 Error: [PDOException] SQLSTATE[HY000] [1045] Access denied for user 'my_app'@'localhost' (using password: YES) in D:\xampp\htdocs\tollfreenew\vendor\cakephp\cakephp\src\Database\Driver.php on line 92
Stack Trace:
#0 D:\xampp\htdocs\tollfreenew\vendor\cakephp\cakephp\src\Database\Driver.php(92): PDO->__construct('mysql:host=loca...', 'my_app', 'secret', Array)
#1 D:\xampp\htdocs\tollfreenew\vendor\cakephp\cakephp\src\Database\Driver\Mysql.php(106): Cake\Database\Driver->_connect('mysql:host=loca...', Array)
#2 D:\xampp\htdocs\tollfreenew\vendor\cakephp\cakephp\src\Database\Schema\BaseSchema.php(45): Cake\Database\Driver\Mysql->connect()
#3 D:\xampp\htdocs\tollfreenew\vendor\cakephp\cakephp\src\Database\Dialect\MysqlDialectTrait.php(63): Cake\Database\Schema\BaseSchema->__construct(Object(Cake\Database\Driver\Mysql))
#4 D:\xampp\htdocs\tollfreenew\vendor\cakephp\cakephp\src\Database\Schema\Collection.php(52): Cake\Database\Driver\Mysql->schemaDialect()
#5 D:\xampp\htdocs\tollfreenew\vendor\cakephp\cakephp\src\Database\Schema\CachedCollection.php(42): Cake\Database\Schema\Collection->__construct(Object(Cake\Database\Connection))
#6 D:\xampp\htdocs\tollfreenew\vendor\cakephp\cakephp\src\Database\Connection.php(391): Cake\Database\Schema\CachedCollection->__construct(Object(Cake\Database\Connection), true)
#7 D:\xampp\htdocs\tollfreenew\vendor\cakephp\bake\src\Shell\Task\ModelTask.php(1092): Cake\Database\Connection->getSchemaCollection()
#8 D:\xampp\htdocs\tollfreenew\vendor\cakephp\bake\src\Shell\Task\ModelTask.php(1046): Bake\Shell\Task\ModelTask->_getAllTables()
#9 D:\xampp\htdocs\tollfreenew\vendor\cakephp\bake\src\Shell\Task\ModelTask.php(1061): Bake\Shell\Task\ModelTask->listAll()
#10 D:\xampp\htdocs\tollfreenew\vendor\cakephp\bake\src\Shell\BakeShell.php(258): Bake\Shell\Task\ModelTask->listUnskipped()
#11 D:\xampp\htdocs\tollfreenew\vendor\cakephp\cakephp\src\Console\Shell.php(518): Bake\Shell\BakeShell->all()
#12 D:\xampp\htdocs\tollfreenew\vendor\cakephp\cakephp\src\Console\CommandRunner.php(371): Cake\Console\Shell->runCommand(Array, true)
#13 D:\xampp\htdocs\tollfreenew\vendor\cakephp\cakephp\src\Console\CommandRunner.php(166): Cake\Console\CommandRunner->runShell(Object(Bake\Shell\BakeShell), Array)
#14 D:\xampp\htdocs\tollfreenew\bin\cake.php(12): Cake\Console\CommandRunner->run(Array)
#15 {main}


